<?xml version="1.0" encoding="UTF-8"?>
<!-- Generated by org.testng.reporters.JUnitReportReporter -->
<testsuite hostname="SVRBD004" failures="0" tests="2" name="com.automation.amazonpractice.Mainflow" time="18.090" errors="0" timestamp="5 Mar 2018 11:50:13 GMT">
  <testcase classname="com.automation.amazonpractice.Mainflow" name="openurl" time="11.846"/>
  <testcase classname="com.automation.amazonpractice.Mainflow" name="login" time="6.244"/>
</testsuite> <!-- com.automation.amazonpractice.Mainflow -->
